server/app/build/intermediates/manifest_merge_blame_file/debug/manifest-merger-blame-debug-report.txt
1<?xml version="1.0" encoding="utf-8"?>
2<manifest xmlns:android="http://schemas.android.com/apk/res/android"
3    package="com.veryschool.server"
4    android:versionCode="2"
5    android:versionName="2.0" >
6
7    <uses-sdk
8        android:minSdkVersion="26"
9        android:targetSdkVersion="34" />
10
11    <uses-permission android:name="android.permission.INTERNET" />
11-->src\main\AndroidManifest.xml:4:5-67
11-->src\main\AndroidManifest.xml:4:22-64
12    <uses-permission android:name="android.permission.READ_MEDIA_IMAGES" />
12-->src\main\AndroidManifest.xml:5:5-76
12-->src\main\AndroidManifest.xml:5:22-73
13    <uses-permission android:name="android.permission.POST_NOTIFICATIONS" />
13-->src\main\AndroidManifest.xml:6:5-77
13-->src\main\AndroidManifest.xml:6:22-74
14    <uses-permission android:name="android.permission.ACCESS_NETWORK_STATE" />
14-->[com.google.firebase:firebase-auth:22.3.1] AndroidManifest.xml:26:5-79
14-->[com.google.firebase:firebase-auth:22.3.1] AndroidManifest.xml:26:22-76
15    <uses-permission android:name="com.google.android.providers.gsf.permission.READ_GSERVICES" />
15-->[com.google.android.recaptcha:recaptcha:18.4.0] AndroidManifest.xml:9:5-98
15-->[com.google.android.recaptcha:recaptcha:18.4.0] AndroidManifest.xml:9:22-95
16
17    <permission
17-->[androidx.core:core:1.12.0] AndroidManifest.xml:22:5-24:47
18        android:name="com.veryschool.server.DYNAMIC_RECEIVER_NOT_EXPORTED_PERMISSION"
18-->[androidx.core:core:1.12.0] AndroidManifest.xml:23:9-81
19        android:protectionLevel="signature" />
19-->[androidx.core:core:1.12.0] AndroidManifest.xml:24:9-44
20
21    <uses-permission android:name="com.veryschool.server.DYNAMIC_RECEIVER_NOT_EXPORTED_PERMISSION" />
21-->[androidx.core:core:1.12.0] AndroidManifest.xml:26:5-97
21-->[androidx.core:core:1.12.0] AndroidManifest.xml:26:22-94
22
23    <application
23-->src\main\AndroidManifest.xml:8:5-27:19
24        android:allowBackup="true"
24-->src\main\AndroidManifest.xml:9:9-35
25        android:appComponentFactory="androidx.core.app.CoreComponentFactory"
25-->[androidx.core:core:1.12.0] AndroidManifest.xml:28:18-86
26        android:debuggable="true"
27        android:extractNativeLibs="false"
28        android:icon="@mipmap/ic_launcher"
28-->src\main\AndroidManifest.xml:10:9-43
29        android:label="VS Admin"
29-->src\main\AndroidManifest.xml:11:9-33
30        android:roundIcon="@mipmap/ic_launcher_round"
30-->src\main\AndroidManifest.xml:12:9-54
31        android:supportsRtl="true"
31-->src\main\AndroidManifest.xml:13:9-35
32        android:theme="@style/Theme.VSServer"
32-->src\main\AndroidManifest.xml:14:9-46
33        android:usesCleartextTraffic="true" >
33-->src\main\AndroidManifest.xml:15:9-44
34        <activity
34-->src\main\AndroidManifest.xml:17:9-25:20
35            android:name="com.veryschool.server.MainActivity"
35-->src\main\AndroidManifest.xml:18:13-41
36            android:exported="true"
36-->src\main\AndroidManifest.xml:19:13-36
37            android:screenOrientation="portrait" >
37-->src\main\AndroidManifest.xml:20:13-49
38            <intent-filter>
38-->src\main\AndroidManifest.xml:21:13-24:29
39                <action android:name="android.intent.action.MAIN" />
39-->src\main\AndroidManifest.xml:22:17-69
39-->src\main\AndroidManifest.xml:22:25-66
40
41                <category android:name="android.intent.category.LAUNCHER" />
41-->src\main\AndroidManifest.xml:23:17-77
41-->src\main\AndroidManifest.xml:23:27-74
42            </intent-filter>
43        </activity>
44
45        <service
45-->[com.google.firebase:firebase-auth-ktx:22.3.1] AndroidManifest.xml:8:9-14:19
46            android:name="com.google.firebase.components.ComponentDiscoveryService"
46-->[com.google.firebase:firebase-auth-ktx:22.3.1] AndroidManifest.xml:9:13-84
47            android:directBootAware="true"
47-->[com.google.firebase:firebase-common:20.4.2] AndroidManifest.xml:32:13-43
48            android:exported="false" >
48-->[com.google.firebase:firebase-auth-ktx:22.3.1] AndroidManifest.xml:10:13-37
49            <meta-data
49-->[com.google.firebase:firebase-auth-ktx:22.3.1] AndroidManifest.xml:11:13-13:85
50                android:name="com.google.firebase.components:com.google.firebase.auth.ktx.FirebaseAuthLegacyRegistrar"
50-->[com.google.firebase:firebase-auth-ktx:22.3.1] AndroidManifest.xml:12:17-119
51                android:value="com.google.firebase.components.ComponentRegistrar" />
51-->[com.google.firebase:firebase-auth-ktx:22.3.1] AndroidManifest.xml:13:17-82
52            <meta-data
52-->[com.google.firebase:firebase-auth:22.3.1] AndroidManifest.xml:69:13-71:85
53                android:name="com.google.firebase.components:com.google.firebase.auth.FirebaseAuthRegistrar"
53-->[com.google.firebase:firebase-auth:22.3.1] AndroidManifest.xml:70:17-109
54                android:value="com.google.firebase.components.ComponentRegistrar" />
54-->[com.google.firebase:firebase-auth:22.3.1] AndroidManifest.xml:71:17-82
55            <meta-data
55-->[com.google.firebase:firebase-storage-ktx:20.3.0] AndroidManifest.xml:12:13-14:85
56                android:name="com.google.firebase.components:com.google.firebase.storage.ktx.FirebaseStorageLegacyRegistrar"
56-->[com.google.firebase:firebase-storage-ktx:20.3.0] AndroidManifest.xml:13:17-125
57                android:value="com.google.firebase.components.ComponentRegistrar" />
57-->[com.google.firebase:firebase-storage-ktx:20.3.0] AndroidManifest.xml:14:17-82
58            <meta-data
58-->[com.google.firebase:firebase-storage:20.3.0] AndroidManifest.xml:30:13-32:85
59                android:name="com.google.firebase.components:com.google.firebase.storage.FirebaseStorageKtxRegistrar"
59-->[com.google.firebase:firebase-storage:20.3.0] AndroidManifest.xml:31:17-118
60                android:value="com.google.firebase.components.ComponentRegistrar" />
60-->[com.google.firebase:firebase-storage:20.3.0] AndroidManifest.xml:32:17-82
61            <meta-data
61-->[com.google.firebase:firebase-storage:20.3.0] AndroidManifest.xml:33:13-35:85
62                android:name="com.google.firebase.components:com.google.firebase.storage.StorageRegistrar"
62-->[com.google.firebase:firebase-storage:20.3.0] AndroidManifest.xml:34:17-107
63                android:value="com.google.firebase.components.ComponentRegistrar" />
63-->[com.google.firebase:firebase-storage:20.3.0] AndroidManifest.xml:35:17-82
64            <meta-data
64-->[com.google.firebase:firebase-firestore-ktx:24.10.3] AndroidManifest.xml:12:13-14:85
65                android:name="com.google.firebase.components:com.google.firebase.firestore.ktx.FirebaseFirestoreLegacyRegistrar"
65-->[com.google.firebase:firebase-firestore-ktx:24.10.3] AndroidManifest.xml:13:17-129
66                android:value="com.google.firebase.components.ComponentRegistrar" />
66-->[com.google.firebase:firebase-firestore-ktx:24.10.3] AndroidManifest.xml:14:17-82
67            <meta-data
67-->[com.google.firebase:firebase-firestore:24.10.3] AndroidManifest.xml:17:13-19:85
68                android:name="com.google.firebase.components:com.google.firebase.firestore.FirebaseFirestoreKtxRegistrar"
68-->[com.google.firebase:firebase-firestore:24.10.3] AndroidManifest.xml:18:17-122
69                android:value="com.google.firebase.components.ComponentRegistrar" />
69-->[com.google.firebase:firebase-firestore:24.10.3] AndroidManifest.xml:19:17-82
70            <meta-data
70-->[com.google.firebase:firebase-firestore:24.10.3] AndroidManifest.xml:20:13-22:85
71                android:name="com.google.firebase.components:com.google.firebase.firestore.FirestoreRegistrar"
71-->[com.google.firebase:firebase-firestore:24.10.3] AndroidManifest.xml:21:17-111
72                android:value="com.google.firebase.components.ComponentRegistrar" />
72-->[com.google.firebase:firebase-firestore:24.10.3] AndroidManifest.xml:22:17-82
73            <meta-data
73-->[com.google.firebase:firebase-appcheck:17.1.2] AndroidManifest.xml:25:13-27:85
74                android:name="com.google.firebase.components:com.google.firebase.appcheck.FirebaseAppCheckKtxRegistrar"
74-->[com.google.firebase:firebase-appcheck:17.1.2] AndroidManifest.xml:26:17-120
75                android:value="com.google.firebase.components.ComponentRegistrar" />
75-->[com.google.firebase:firebase-appcheck:17.1.2] AndroidManifest.xml:27:17-82
76            <meta-data
76-->[com.google.firebase:firebase-appcheck:17.1.2] AndroidManifest.xml:28:13-30:85
77                android:name="com.google.firebase.components:com.google.firebase.appcheck.FirebaseAppCheckRegistrar"
77-->[com.google.firebase:firebase-appcheck:17.1.2] AndroidManifest.xml:29:17-117
78                android:value="com.google.firebase.components.ComponentRegistrar" />
78-->[com.google.firebase:firebase-appcheck:17.1.2] AndroidManifest.xml:30:17-82
79            <meta-data
79-->[com.google.firebase:firebase-common-ktx:20.4.2] AndroidManifest.xml:12:13-14:85
80                android:name="com.google.firebase.components:com.google.firebase.ktx.FirebaseCommonLegacyRegistrar"
80-->[com.google.firebase:firebase-common-ktx:20.4.2] AndroidManifest.xml:13:17-116
81                android:value="com.google.firebase.components.ComponentRegistrar" />
81-->[com.google.firebase:firebase-common-ktx:20.4.2] AndroidManifest.xml:14:17-82
82            <meta-data
82-->[com.google.firebase:firebase-common:20.4.2] AndroidManifest.xml:35:13-37:85
83                android:name="com.google.firebase.components:com.google.firebase.FirebaseCommonKtxRegistrar"
83-->[com.google.firebase:firebase-common:20.4.2] AndroidManifest.xml:36:17-109
84                android:value="com.google.firebase.components.ComponentRegistrar" />
84-->[com.google.firebase:firebase-common:20.4.2] AndroidManifest.xml:37:17-82
85        </service>
86
87        <activity
87-->[com.google.firebase:firebase-auth:22.3.1] AndroidManifest.xml:29:9-46:20
88            android:name="com.google.firebase.auth.internal.GenericIdpActivity"
88-->[com.google.firebase:firebase-auth:22.3.1] AndroidManifest.xml:30:13-80
89            android:excludeFromRecents="true"
89-->[com.google.firebase:firebase-auth:22.3.1] AndroidManifest.xml:31:13-46
90            android:exported="true"
90-->[com.google.firebase:firebase-auth:22.3.1] AndroidManifest.xml:32:13-36
91            android:launchMode="singleTask"
91-->[com.google.firebase:firebase-auth:22.3.1] AndroidManifest.xml:33:13-44
92            android:theme="@android:style/Theme.Translucent.NoTitleBar" >
92-->[com.google.firebase:firebase-auth:22.3.1] AndroidManifest.xml:34:13-72
93            <intent-filter>
93-->[com.google.firebase:firebase-auth:22.3.1] AndroidManifest.xml:35:13-45:29
94                <action android:name="android.intent.action.VIEW" />
94-->[com.google.firebase:firebase-auth:22.3.1] AndroidManifest.xml:36:17-69
94-->[com.google.firebase:firebase-auth:22.3.1] AndroidManifest.xml:36:25-66
95
96                <category android:name="android.intent.category.DEFAULT" />
96-->[com.google.firebase:firebase-auth:22.3.1] AndroidManifest.xml:38:17-76
96-->[com.google.firebase:firebase-auth:22.3.1] AndroidManifest.xml:38:27-73
97                <category android:name="android.intent.category.BROWSABLE" />
97-->[com.google.firebase:firebase-auth:22.3.1] AndroidManifest.xml:39:17-78
97-->[com.google.firebase:firebase-auth:22.3.1] AndroidManifest.xml:39:27-75
98
99                <data
99-->[com.google.firebase:firebase-auth:22.3.1] AndroidManifest.xml:41:17-44:51
100                    android:host="firebase.auth"
100-->[com.google.firebase:firebase-auth:22.3.1] AndroidManifest.xml:42:21-49
101                    android:path="/"
101-->[com.google.firebase:firebase-auth:22.3.1] AndroidManifest.xml:43:21-37
102                    android:scheme="genericidp" />
102-->[com.google.firebase:firebase-auth:22.3.1] AndroidManifest.xml:44:21-48
103            </intent-filter>
104        </activity>
105        <activity
105-->[com.google.firebase:firebase-auth:22.3.1] AndroidManifest.xml:47:9-64:20
106            android:name="com.google.firebase.auth.internal.RecaptchaActivity"
106-->[com.google.firebase:firebase-auth:22.3.1] AndroidManifest.xml:48:13-79
107            android:excludeFromRecents="true"
107-->[com.google.firebase:firebase-auth:22.3.1] AndroidManifest.xml:49:13-46
108            android:exported="true"
108-->[com.google.firebase:firebase-auth:22.3.1] AndroidManifest.xml:50:13-36
109            android:launchMode="singleTask"
109-->[com.google.firebase:firebase-auth:22.3.1] AndroidManifest.xml:51:13-44
110            android:theme="@android:style/Theme.Translucent.NoTitleBar" >
110-->[com.google.firebase:firebase-auth:22.3.1] AndroidManifest.xml:52:13-72
111            <intent-filter>
111-->[com.google.firebase:firebase-auth:22.3.1] AndroidManifest.xml:53:13-63:29
112                <action android:name="android.intent.action.VIEW" />
112-->[com.google.firebase:firebase-auth:22.3.1] AndroidManifest.xml:36:17-69
112-->[com.google.firebase:firebase-auth:22.3.1] AndroidManifest.xml:36:25-66
113
114                <category android:name="android.intent.category.DEFAULT" />
114-->[com.google.firebase:firebase-auth:22.3.1] AndroidManifest.xml:38:17-76
114-->[com.google.firebase:firebase-auth:22.3.1] AndroidManifest.xml:38:27-73
115                <category android:name="android.intent.category.BROWSABLE" />
115-->[com.google.firebase:firebase-auth:22.3.1] AndroidManifest.xml:39:17-78
115-->[com.google.firebase:firebase-auth:22.3.1] AndroidManifest.xml:39:27-75
116
117                <data
117-->[com.google.firebase:firebase-auth:22.3.1] AndroidManifest.xml:41:17-44:51
118                    android:host="firebase.auth"
118-->[com.google.firebase:firebase-auth:22.3.1] AndroidManifest.xml:42:21-49
119                    android:path="/"
119-->[com.google.firebase:firebase-auth:22.3.1] AndroidManifest.xml:43:21-37
120                    android:scheme="recaptcha" />
120-->[com.google.firebase:firebase-auth:22.3.1] AndroidManifest.xml:44:21-48
121            </intent-filter>
122        </activity>
123        <activity
123-->[com.google.android.gms:play-services-base:18.1.0] AndroidManifest.xml:20:9-22:45
124            android:name="com.google.android.gms.common.api.GoogleApiActivity"
124-->[com.google.android.gms:play-services-base:18.1.0] AndroidManifest.xml:20:19-85
125            android:exported="false"
125-->[com.google.android.gms:play-services-base:18.1.0] AndroidManifest.xml:22:19-43
126            android:theme="@android:style/Theme.Translucent.NoTitleBar" />
126-->[com.google.android.gms:play-services-base:18.1.0] AndroidManifest.xml:21:19-78
127
128        <provider
128-->[com.google.firebase:firebase-common:20.4.2] AndroidManifest.xml:23:9-28:39
129            android:name="com.google.firebase.provider.FirebaseInitProvider"
129-->[com.google.firebase:firebase-common:20.4.2] AndroidManifest.xml:24:13-77
130            android:authorities="com.veryschool.server.firebaseinitprovider"
130-->[com.google.firebase:firebase-common:20.4.2] AndroidManifest.xml:25:13-72
131            android:directBootAware="true"
131-->[com.google.firebase:firebase-common:20.4.2] AndroidManifest.xml:26:13-43
132            android:exported="false"
132-->[com.google.firebase:firebase-common:20.4.2] AndroidManifest.xml:27:13-37
133            android:initOrder="100" />
133-->[com.google.firebase:firebase-common:20.4.2] AndroidManifest.xml:28:13-36
134
135        <meta-data
135-->[com.google.android.gms:play-services-basement:18.3.0] AndroidManifest.xml:21:9-23:69
136            android:name="com.google.android.gms.version"
136-->[com.google.android.gms:play-services-basement:18.3.0] AndroidManifest.xml:22:13-58
137            android:value="@integer/google_play_services_version" />
137-->[com.google.android.gms:play-services-basement:18.3.0] AndroidManifest.xml:23:13-66
138
139        <activity
139-->[androidx.compose.ui:ui-tooling-android:1.6.3] AndroidManifest.xml:23:9-25:39
140            android:name="androidx.compose.ui.tooling.PreviewActivity"
140-->[androidx.compose.ui:ui-tooling-android:1.6.3] AndroidManifest.xml:24:13-71
141            android:exported="true" />
141-->[androidx.compose.ui:ui-tooling-android:1.6.3] AndroidManifest.xml:25:13-36
142
143        <provider
143-->[androidx.emoji2:emoji2:1.3.0] AndroidManifest.xml:24:9-32:20
144            android:name="androidx.startup.InitializationProvider"
144-->[androidx.emoji2:emoji2:1.3.0] AndroidManifest.xml:25:13-67
145            android:authorities="com.veryschool.server.androidx-startup"
145-->[androidx.emoji2:emoji2:1.3.0] AndroidManifest.xml:26:13-68
146            android:exported="false" >
146-->[androidx.emoji2:emoji2:1.3.0] AndroidManifest.xml:27:13-37
147            <meta-data
147-->[androidx.emoji2:emoji2:1.3.0] AndroidManifest.xml:29:13-31:52
148                android:name="androidx.emoji2.text.EmojiCompatInitializer"
148-->[androidx.emoji2:emoji2:1.3.0] AndroidManifest.xml:30:17-75
149                android:value="androidx.startup" />
149-->[androidx.emoji2:emoji2:1.3.0] AndroidManifest.xml:31:17-49
150            <meta-data
150-->[androidx.lifecycle:lifecycle-process:2.7.0] AndroidManifest.xml:29:13-31:52
151                android:name="androidx.lifecycle.ProcessLifecycleInitializer"
151-->[androidx.lifecycle:lifecycle-process:2.7.0] AndroidManifest.xml:30:17-78
152                android:value="androidx.startup" />
152-->[androidx.lifecycle:lifecycle-process:2.7.0] AndroidManifest.xml:31:17-49
153            <meta-data
153-->[androidx.profileinstaller:profileinstaller:1.3.1] AndroidManifest.xml:29:13-31:52
154                android:name="androidx.profileinstaller.ProfileInstallerInitializer"
154-->[androidx.profileinstaller:profileinstaller:1.3.1] AndroidManifest.xml:30:17-85
155                android:value="androidx.startup" />
155-->[androidx.profileinstaller:profileinstaller:1.3.1] AndroidManifest.xml:31:17-49
156        </provider>
157
158        <receiver
158-->[androidx.profileinstaller:profileinstaller:1.3.1] AndroidManifest.xml:34:9-52:20
159            android:name="androidx.profileinstaller.ProfileInstallReceiver"
159-->[androidx.profileinstaller:profileinstaller:1.3.1] AndroidManifest.xml:35:13-76
160            android:directBootAware="false"
160-->[androidx.profileinstaller:profileinstaller:1.3.1] AndroidManifest.xml:36:13-44
161            android:enabled="true"
161-->[androidx.profileinstaller:profileinstaller:1.3.1] AndroidManifest.xml:37:13-35
162            android:exported="true"
162-->[androidx.profileinstaller:profileinstaller:1.3.1] AndroidManifest.xml:38:13-36
163            android:permission="android.permission.DUMP" >
163-->[androidx.profileinstaller:profileinstaller:1.3.1] AndroidManifest.xml:39:13-57
164            <intent-filter>
164-->[androidx.profileinstaller:profileinstaller:1.3.1] AndroidManifest.xml:40:13-42:29
165                <action android:name="androidx.profileinstaller.action.INSTALL_PROFILE" />
165-->[androidx.profileinstaller:profileinstaller:1.3.1] AndroidManifest.xml:41:17-91
165-->[androidx.profileinstaller:profileinstaller:1.3.1] AndroidManifest.xml:41:25-88
166            </intent-filter>
167            <intent-filter>
167-->[androidx.profileinstaller:profileinstaller:1.3.1] AndroidManifest.xml:43:13-45:29
168                <action android:name="androidx.profileinstaller.action.SKIP_FILE" />
168-->[androidx.profileinstaller:profileinstaller:1.3.1] AndroidManifest.xml:44:17-85
168-->[androidx.profileinstaller:profileinstaller:1.3.1] AndroidManifest.xml:44:25-82
169            </intent-filter>
170            <intent-filter>
170-->[androidx.profileinstaller:profileinstaller:1.3.1] AndroidManifest.xml:46:13-48:29
171                <action android:name="androidx.profileinstaller.action.SAVE_PROFILE" />
171-->[androidx.profileinstaller:profileinstaller:1.3.1] AndroidManifest.xml:47:17-88
171-->[androidx.profileinstaller:profileinstaller:1.3.1] AndroidManifest.xml:47:25-85
172            </intent-filter>
173            <intent-filter>
173-->[androidx.profileinstaller:profileinstaller:1.3.1] AndroidManifest.xml:49:13-51:29
174                <action android:name="androidx.profileinstaller.action.BENCHMARK_OPERATION" />
174-->[androidx.profileinstaller:profileinstaller:1.3.1] AndroidManifest.xml:50:17-95
174-->[androidx.profileinstaller:profileinstaller:1.3.1] AndroidManifest.xml:50:25-92
175            </intent-filter>
176        </receiver>
177    </application>
178
179</manifest>